[debug] [2021-08-09T13:34:02.532Z] ----------------------------------------------------------------------
[debug] [2021-08-09T13:34:02.534Z] Command:       C:\Program Files\nodejs\node.exe C:\Users\loren\AppData\Roaming\npm\node_modules\firebase-tools\lib\bin\firebase.js serve --only hosting
[debug] [2021-08-09T13:34:02.535Z] CLI Version:   9.16.0
[debug] [2021-08-09T13:34:02.535Z] Platform:      win32
[debug] [2021-08-09T13:34:02.535Z] Node Version:  v14.17.3
[debug] [2021-08-09T13:34:02.536Z] Time:          Mon Aug 09 2021 10:34:02 GMT-0300 (Horário Padrão de Brasília)
[debug] [2021-08-09T13:34:02.536Z] ----------------------------------------------------------------------
[debug] 
[debug] [2021-08-09T13:34:02.605Z] > command requires scopes: ["email","openid","https://www.googleapis.com/auth/cloudplatformprojects.readonly","https://www.googleapis.com/auth/firebase","https://www.googleapis.com/auth/cloud-platform"]
[debug] [2021-08-09T13:34:02.605Z] > authorizing via signed-in user (carmemilya1@gmail.com)
[debug] [2021-08-09T13:34:02.605Z] [iam] checking project the-office-network-sap006 for permissions ["firebase.projects.get"]
[debug] [2021-08-09T13:34:02.608Z] > refreshing access token with scopes: ["email","https://www.googleapis.com/auth/cloud-platform","https://www.googleapis.com/auth/cloudplatformprojects.readonly","https://www.googleapis.com/auth/firebase","openid"]
[debug] [2021-08-09T13:34:02.608Z] >>> HTTP REQUEST POST https://www.googleapis.com/oauth2/v3/token  
 <request body omitted>
[debug] [2021-08-09T13:34:03.222Z] <<< HTTP RESPONSE 200 {"pragma":"no-cache","expires":"Mon, 01 Jan 1990 00:00:00 GMT","cache-control":"no-cache, no-store, max-age=0, must-revalidate","date":"Mon, 09 Aug 2021 13:34:01 GMT","content-type":"application/json; charset=utf-8","vary":"X-Origin, Referer, Origin,Accept-Encoding","server":"scaffolding on HTTPServer2","x-xss-protection":"0","x-frame-options":"SAMEORIGIN","x-content-type-options":"nosniff","alt-svc":"h3=\":443\"; ma=2592000,h3-29=\":443\"; ma=2592000,h3-T051=\":443\"; ma=2592000,h3-Q050=\":443\"; ma=2592000,h3-Q046=\":443\"; ma=2592000,h3-Q043=\":443\"; ma=2592000,quic=\":443\"; ma=2592000; v=\"46,43\"","accept-ranges":"none","transfer-encoding":"chunked"}
[debug] [2021-08-09T13:34:03.244Z] >>> HTTP REQUEST POST https://cloudresourcemanager.googleapis.com/v1/projects/the-office-network-sap006:testIamPermissions  
 {"permissions":["firebase.projects.get"]}
[debug] [2021-08-09T13:34:04.461Z] <<< HTTP RESPONSE 200 {"content-type":"application/json; charset=UTF-8","vary":"X-Origin, Referer, Origin,Accept-Encoding","date":"Mon, 09 Aug 2021 13:34:02 GMT","server":"ESF","cache-control":"private","x-xss-protection":"0","x-frame-options":"SAMEORIGIN","x-content-type-options":"nosniff","server-timing":"gfet4t7; dur=729","alt-svc":"h3=\":443\"; ma=2592000,h3-29=\":443\"; ma=2592000,h3-T051=\":443\"; ma=2592000,h3-Q050=\":443\"; ma=2592000,h3-Q046=\":443\"; ma=2592000,h3-Q043=\":443\"; ma=2592000,quic=\":443\"; ma=2592000; v=\"46,43\"","accept-ranges":"none","transfer-encoding":"chunked"}
[debug] [2021-08-09T13:34:04.467Z] > refreshing access token with scopes: []
[debug] [2021-08-09T13:34:04.467Z] >>> HTTP REQUEST POST https://www.googleapis.com/oauth2/v3/token  
 <request body omitted>
[debug] [2021-08-09T13:34:05.056Z] <<< HTTP RESPONSE 200 {"pragma":"no-cache","cache-control":"no-cache, no-store, max-age=0, must-revalidate","date":"Mon, 09 Aug 2021 13:34:03 GMT","expires":"Mon, 01 Jan 1990 00:00:00 GMT","content-type":"application/json; charset=utf-8","vary":"X-Origin, Referer, Origin,Accept-Encoding","server":"scaffolding on HTTPServer2","x-xss-protection":"0","x-frame-options":"SAMEORIGIN","x-content-type-options":"nosniff","alt-svc":"h3=\":443\"; ma=2592000,h3-29=\":443\"; ma=2592000,h3-T051=\":443\"; ma=2592000,h3-Q050=\":443\"; ma=2592000,h3-Q046=\":443\"; ma=2592000,h3-Q043=\":443\"; ma=2592000,quic=\":443\"; ma=2592000; v=\"46,43\"","accept-ranges":"none","transfer-encoding":"chunked"}
[debug] [2021-08-09T13:34:05.088Z] >>> [apiv2][query] GET https://firebase.googleapis.com/v1beta1/projects/the-office-network-sap006 [none]
[debug] [2021-08-09T13:34:06.561Z] <<< [apiv2][status] GET https://firebase.googleapis.com/v1beta1/projects/the-office-network-sap006 200
[debug] [2021-08-09T13:34:06.562Z] <<< [apiv2][body] GET https://firebase.googleapis.com/v1beta1/projects/the-office-network-sap006 {"projectId":"the-office-network-sap006","projectNumber":"244695501532","displayName":"The Office Network","name":"projects/the-office-network-sap006","resources":{"hostingSite":"the-office-network-sap006","storageBucket":"the-office-network-sap006.appspot.com","locationId":"us-east1"},"state":"ACTIVE"}
[debug] [2021-08-09T13:34:06.565Z] >>> [apiv2][query] GET https://firebasehosting.googleapis.com/v1beta1/projects/the-office-network-sap006/sites 
[debug] [2021-08-09T13:34:07.909Z] <<< [apiv2][status] GET https://firebasehosting.googleapis.com/v1beta1/projects/the-office-network-sap006/sites 200
[debug] [2021-08-09T13:34:07.910Z] <<< [apiv2][body] GET https://firebasehosting.googleapis.com/v1beta1/projects/the-office-network-sap006/sites {"sites":[{"name":"projects/244695501532/sites/the-office-network-sap006","defaultUrl":"https://the-office-network-sap006.web.app","appId":"1:244695501532:web:4248a30bf0b9a333f90219","type":"DEFAULT_SITE"}]}
[debug] [2021-08-09T13:34:07.911Z] >>> [apiv2][query] GET https://firebase.googleapis.com/v1beta1/projects/the-office-network-sap006/webApps/1:244695501532:web:4248a30bf0b9a333f90219/config [none]
[debug] [2021-08-09T13:34:08.924Z] <<< [apiv2][status] GET https://firebase.googleapis.com/v1beta1/projects/the-office-network-sap006/webApps/1:244695501532:web:4248a30bf0b9a333f90219/config 200
[debug] [2021-08-09T13:34:08.925Z] <<< [apiv2][body] GET https://firebase.googleapis.com/v1beta1/projects/the-office-network-sap006/webApps/1:244695501532:web:4248a30bf0b9a333f90219/config {"projectId":"the-office-network-sap006","appId":"1:244695501532:web:4248a30bf0b9a333f90219","storageBucket":"the-office-network-sap006.appspot.com","locationId":"us-east1","apiKey":"AIzaSyBV_b1FjPlfAZJ2pJLblf9rIrtUjPfdoA4","authDomain":"the-office-network-sap006.firebaseapp.com","messagingSenderId":"244695501532","measurementId":"G-N1TEVR3FGM"}
[warn] !  hosting: Port 5000 is not available. Trying another port... {"metadata":{"emulator":{"name":"hosting"},"message":"\u001b[33mhosting: \u001b[39mPort 5000 is not available. Trying another port..."}}
[info] i  hosting: Serving hosting files from: src {"metadata":{"emulator":{"name":"hosting"},"message":"Serving hosting files from: \u001b[1msrc\u001b[22m"}}
[info] +  hosting: Local server: http://localhost:5005 {"metadata":{"emulator":{"name":"hosting"},"message":"Local server: \u001b[4m\u001b[1mhttp://localhost:5005\u001b[22m\u001b[24m"}}
[info] i  hosting: 127.0.0.1 - - [09/Aug/2021:13:34:14 +0000] "GET /__/firebase/init.js HTTP/1.1" 200 - "http://localhost:5005/" "Mozilla/5.0 (Windows NT 10.0; Win64; x64) AppleWebKit/537.36 (KHTML, like Gecko) Chrome/91.0.4472.164 Safari/537.36 OPR/77.0.4054.298" {"metadata":{"emulator":{"name":"hosting"},"message":"127.0.0.1 - - [09/Aug/2021:13:34:14 +0000] \"GET /__/firebase/init.js HTTP/1.1\" 200 - \"http://localhost:5005/\" \"Mozilla/5.0 (Windows NT 10.0; Win64; x64) AppleWebKit/537.36 (KHTML, like Gecko) Chrome/91.0.4472.164 Safari/537.36 OPR/77.0.4054.298\""}}
[info] i  hosting: 127.0.0.1 - - [09/Aug/2021:13:34:21 +0000] "GET /__/firebase/init.js HTTP/1.1" 200 - "http://localhost:5005/" "Mozilla/5.0 (Windows NT 10.0; Win64; x64) AppleWebKit/537.36 (KHTML, like Gecko) Chrome/92.0.4515.131 Safari/537.36" {"metadata":{"emulator":{"name":"hosting"},"message":"127.0.0.1 - - [09/Aug/2021:13:34:21 +0000] \"GET /__/firebase/init.js HTTP/1.1\" 200 - \"http://localhost:5005/\" \"Mozilla/5.0 (Windows NT 10.0; Win64; x64) AppleWebKit/537.36 (KHTML, like Gecko) Chrome/92.0.4515.131 Safari/537.36\""}}
[debug] [2021-08-09T13:34:26.108Z] >>> [apiv2][query] GET https://www.gstatic.com/firebasejs/8.7.1/firebase-auth.js.map [none]
[debug] [2021-08-09T13:34:26.597Z] <<< [apiv2][status] GET https://www.gstatic.com/firebasejs/8.7.1/firebase-auth.js.map 200
[debug] [2021-08-09T13:34:26.597Z] <<< [apiv2][body] GET https://www.gstatic.com/firebasejs/8.7.1/firebase-auth.js.map [stream]
[info] i  hosting: 127.0.0.1 - - [09/Aug/2021:13:34:27 +0000] "GET /__/firebase/8.7.1/firebase-auth.js.map HTTP/1.1" 200 2397738 "-" "Mozilla/5.0 (Windows NT 10.0; Win64; x64) AppleWebKit/537.36 (KHTML, like Gecko) Chrome/92.0.4515.131 Safari/537.36" {"metadata":{"emulator":{"name":"hosting"},"message":"127.0.0.1 - - [09/Aug/2021:13:34:27 +0000] \"GET /__/firebase/8.7.1/firebase-auth.js.map HTTP/1.1\" 200 2397738 \"-\" \"Mozilla/5.0 (Windows NT 10.0; Win64; x64) AppleWebKit/537.36 (KHTML, like Gecko) Chrome/92.0.4515.131 Safari/537.36\""}}
